
system 2018-02-03 04:15:49 :: aaaaaaaaaaaaa  
system 2018-02-03 04:15:49 :: aaaaaaaaaaaaa  

system 2018-02-04 04:15:49 :: aaaaaaaaaaaaa  

system 2018-02-04 04:16:49 :: aaaaaaaaaaaaa  

system 2018-02-05 04:15:49 :: aaaaaaaaaaaaa  
system 2018-02-05 04:15:51 :: aaaaaaaaaaaaa  
system 2018-02-05 04:15:51 :: aaaaaaaaaaaaa  
system 2018-02-05 04:15:52 :: aaaaaaaaaaaaa  
system 2018-02-05 04:15:53 :: aaaaaaaaaaaaa  

system 2018-02-05 04:20:06 :: ccccccccccccc

system 2018-02-05 04:21:10 :: bbbbbbbbbbbbb
system 2018-02-05 04:21:10 :: ccccccccccccc
system 2018-02-05 04:21:10 :: ccccccccccccc
system 2018-02-05 04:21:10 :: ccccccccccccc

system 2018-02-05 04:23:49 :: bbbbbbbbbbbbb
system 2018-02-05 04:23:49 :: ccccccccccccc

system 2018-03-05 04:23:49 :: csccccscccscc

system 2018-03-05 04:24:49 :: csccccscscscc

system 2018-03-05 04:25:49 :: csccscscscscc

system 2018-04-05 04:23:49 :: ccccccccccccc

system 2018-04-05 05:23:59 :: ccccccccccccc

system 2019-01-03 04:20:06 :: ccccccccccccc

system 2019-01-05 04:20:06 :: ccccccccccccc

system 2019-02-05 04:20:06 :: ccccccccccccc
system 2019-02-05 04:20:06 :: ccccccccccccc
system 2019-02-05 04:20:07 :: ccccccccccccc
